<?xml version="1.0" encoding="UTF-8"?>
<!-- Generated by org.testng.reporters.JUnitReportReporter -->
<testsuite hostname="HABIBI" name="org.isb.training.selenium.Automation" tests="1" failures="0" timestamp="27 Jun 2019 01:55:18 GMT" time="1.882" errors="0">
  <testcase name="verifySearchButton" time="1.882" classname="org.isb.training.selenium.Automation"/>
</testsuite> <!-- org.isb.training.selenium.Automation -->
